{"total": {"lines":{"total":30,"covered":30,"skipped":0,"pct":100},"statements":{"total":31,"covered":31,"skipped":0,"pct":100},"functions":{"total":6,"covered":6,"skipped":0,"pct":100},"branches":{"total":18,"covered":17,"skipped":0,"pct":94.44},"branchesTrue":{"total":0,"covered":0,"skipped":0,"pct":"Unknown"}}
,"D:\\Javascript\\Dictionary\\src\\Pages\\Dictionary\\Dashboard.js": {"lines":{"total":30,"covered":30,"skipped":0,"pct":100},"functions":{"total":6,"covered":6,"skipped":0,"pct":100},"statements":{"total":31,"covered":31,"skipped":0,"pct":100},"branches":{"total":18,"covered":17,"skipped":0,"pct":94.44}}
}
