TN:
SF:src\Pages\Dictionary\Dashboard.js
FN:6,flatten
FN:15,(anonymous_1)
FN:22,(anonymous_2)
FN:29,(anonymous_3)
FN:30,(anonymous_4)
FN:58,(anonymous_5)
FNF:6
FNH:6
FNDA:16,flatten
FNDA:30,(anonymous_1)
FNDA:3,(anonymous_2)
FNDA:1,(anonymous_3)
FNDA:3,(anonymous_4)
FNDA:7,(anonymous_5)
DA:8,16
DA:9,5
DA:10,11
DA:11,4
DA:13,7
DA:15,1
DA:16,30
DA:18,30
DA:19,30
DA:20,30
DA:22,30
DA:23,3
DA:25,3
DA:26,3
DA:27,3
DA:29,1
DA:30,3
DA:33,1
DA:35,1
DA:36,1
DA:38,2
DA:39,1
DA:40,1
DA:41,1
DA:42,1
DA:43,1
DA:44,1
DA:45,1
DA:50,30
DA:59,7
LF:30
LH:30
BRDA:8,0,0,5
BRDA:8,0,1,11
BRDA:10,1,0,4
BRDA:10,1,1,7
BRDA:38,2,0,1
BRDA:38,2,1,1
BRDA:38,3,0,2
BRDA:38,3,1,2
BRDA:42,4,0,1
BRDA:42,4,1,0
BRDA:55,5,0,30
BRDA:55,5,1,7
BRDA:56,6,0,1
BRDA:56,6,1,29
BRDA:56,7,0,30
BRDA:56,7,1,23
BRDA:63,8,0,29
BRDA:63,8,1,22
BRF:18
BRH:17
end_of_record
